Inside isCookieContentOK()
Inside isCookieNameOK()
Cookie name is set
Cookie name equals correct user name
Inside isCookiePasswordOK()
Cookie password is set
Cookie password: dc647eb65e6711e155375218212b3964
Encrypted password: dc647eb65e6711e155375218212b3964
Cookie password equals correct password
Cookie name and password are ok
Model: is NOT logged in with session
Model: Inside checkIfLoggedInWithCookies()
Model: function checkIfLoggedInWithCookies(), Inside getIsLoggedInWithCookies()
Inside isCookieContentOK()
Inside isCookieNameOK()
Cookie name is set
Cookie name equals correct user name
Inside isCookiePasswordOK()
Cookie password is set
Cookie password: dc647eb65e6711e155375218212b3964
Encrypted password: dc647eb65e6711e155375218212b3964
Cookie password equals correct password
Cookie name and password are ok
Model: function checkIfLoggedInWithCookies(), isCookieContentOK
Model: checkIfLoggedInWithCookies was true
R12: getIsLoggedInWithCookies and NOT getIsLoggedInWithSession
Inside isCookieContentOK()
Inside isCookieNameOK()
Cookie name is set
Cookie name equals correct user name
Inside isCookiePasswordOK()
Cookie password is set
Cookie password: dc647eb65e6711e155375218212b3964
Encrypted password: dc647eb65e6711e155375218212b3964
Cookie password equals correct password
Cookie name and password are ok
R13: getIsCookieContentOK
